<?xml version="1.0" encoding="UTF-8"?>
<!-- Generated by org.testng.reporters.JUnitXMLReporter -->
<testsuite hostname="DESKTOP-GFDEEQT" name="Automation Practice Test Cases" tests="8" failures="0" timestamp="26 Aug 2019 04:13:30 GMT" time="73.711" errors="0">
  <testcase name="ClickSignIn" time="2.145" classname="com.ap.qa.testcases.HomePageTest"/>
  <testcase name="HomePageTitleTest" time="0.018" classname="com.ap.qa.testcases.HomePageTest"/>
  <testcase name="loginPageTitleTest" time="0.605" classname="com.ap.qa.testcases.LoginPageMyStore"/>
  <testcase name="SignInPage" time="1.851" classname="com.ap.qa.testcases.LoginPageMyStore"/>
  <testcase name="SignInPage" time="1.069" classname="com.ap.qa.testcases.LoginPageMyStore"/>
  <testcase name="SignInPage" time="1.354" classname="com.ap.qa.testcases.LoginPageMyStore"/>
  <testcase name="ForgotPassword" time="3.327" classname="com.ap.qa.testcases.LoginPageMyStore"/>
  <testcase name="verifyInfo" time="4.507" classname="com.ap.qa.testcases.MyAccount"/>
</testsuite> <!-- Automation Practice Test Cases -->
