<?xml version="1.0" encoding="UTF-8"?>
<!-- Generated by org.testng.reporters.JUnitXMLReporter -->
<testsuite hostname="DESKTOP-GFDEEQT" name="Default test" tests="5" failures="0" timestamp="26 Aug 2019 03:54:04 GMT" time="46.685" errors="0">
  <testcase name="loginPageTitleTest" time="0.762" classname="com.ap.qa.testcases.LoginPageMyStore"/>
  <testcase name="SignInPage" time="1.545" classname="com.ap.qa.testcases.LoginPageMyStore"/>
  <testcase name="SignInPage" time="1.031" classname="com.ap.qa.testcases.LoginPageMyStore"/>
  <testcase name="SignInPage" time="1.021" classname="com.ap.qa.testcases.LoginPageMyStore"/>
  <testcase name="ForgotPassword" time="2.04" classname="com.ap.qa.testcases.LoginPageMyStore"/>
</testsuite> <!-- Default test -->
