<?xml version="1.0" encoding="UTF-8"?>
<testng-results skipped="0" failed="0" total="8" passed="8">
  <reporter-output>
  </reporter-output>
  <suite name="Automation Practice Testing Suite" duration-ms="73711" started-at="2019-08-26T04:12:16Z" finished-at="2019-08-26T04:13:30Z">
    <groups>
    </groups>
    <test name="Automation Practice Test Cases" duration-ms="73711" started-at="2019-08-26T04:12:16Z" finished-at="2019-08-26T04:13:30Z">
      <class name="com.ap.qa.testcases.MyAccount">
        <test-method status="PASS" signature="setUp()[pri:0, instance:com.ap.qa.testcases.MyAccount@57829d67]" name="setUp" is-config="true" duration-ms="3653" started-at="2019-08-26T00:13:20Z" finished-at="2019-08-26T00:13:24Z">
          <reporter-output>
          </reporter-output>
        </test-method> <!-- setUp -->
        <test-method status="PASS" signature="verifyInfo(java.lang.String, java.lang.String, java.lang.String)[pri:2, instance:com.ap.qa.testcases.MyAccount@57829d67]" name="verifyInfo" duration-ms="4507" started-at="2019-08-26T00:13:24Z" data-provider="getInfo" finished-at="2019-08-26T00:13:28Z">
          <params>
            <param index="0">
              <value>
                <![CDATA[automationtest123@gmail.com]]>
              </value>
            </param>
            <param index="1">
              <value>
                <![CDATA[test123]]>
              </value>
            </param>
            <param index="2">
              <value>
                <![CDATA[Tom Dalby]]>
              </value>
            </param>
          </params>
          <reporter-output>
          </reporter-output>
        </test-method> <!-- verifyInfo -->
        <test-method status="PASS" signature="tearDown()[pri:0, instance:com.ap.qa.testcases.MyAccount@57829d67]" name="tearDown" is-config="true" duration-ms="1904" started-at="2019-08-26T00:13:28Z" finished-at="2019-08-26T00:13:30Z">
          <reporter-output>
          </reporter-output>
        </test-method> <!-- tearDown -->
      </class> <!-- com.ap.qa.testcases.MyAccount -->
      <class name="com.ap.qa.testcases.LoginPageMyStore">
        <test-method status="PASS" signature="setUp()[pri:0, instance:com.ap.qa.testcases.LoginPageMyStore@5b464ce8]" name="setUp" is-config="true" duration-ms="6866" started-at="2019-08-26T00:12:33Z" finished-at="2019-08-26T00:12:40Z">
          <reporter-output>
          </reporter-output>
        </test-method> <!-- setUp -->
        <test-method status="PASS" signature="loginPageTitleTest()[pri:1, instance:com.ap.qa.testcases.LoginPageMyStore@5b464ce8]" name="loginPageTitleTest" duration-ms="605" started-at="2019-08-26T00:12:40Z" finished-at="2019-08-26T00:12:41Z">
          <reporter-output>
          </reporter-output>
        </test-method> <!-- loginPageTitleTest -->
        <test-method status="PASS" signature="tearDown()[pri:0, instance:com.ap.qa.testcases.LoginPageMyStore@5b464ce8]" name="tearDown" is-config="true" duration-ms="671" started-at="2019-08-26T00:12:41Z" finished-at="2019-08-26T00:12:41Z">
          <reporter-output>
          </reporter-output>
        </test-method> <!-- tearDown -->
        <test-method status="PASS" signature="setUp()[pri:0, instance:com.ap.qa.testcases.LoginPageMyStore@5b464ce8]" name="setUp" is-config="true" duration-ms="6925" started-at="2019-08-26T00:12:42Z" finished-at="2019-08-26T00:12:49Z">
          <reporter-output>
          </reporter-output>
        </test-method> <!-- setUp -->
        <test-method status="PASS" signature="SignInPage(java.lang.String, java.lang.String)[pri:2, instance:com.ap.qa.testcases.LoginPageMyStore@5b464ce8]" name="SignInPage" duration-ms="1851" started-at="2019-08-26T00:12:49Z" data-provider="getAutomationTestData" finished-at="2019-08-26T00:12:51Z">
          <params>
            <param index="0">
              <value>
                <![CDATA[automationtest123@gmail.com]]>
              </value>
            </param>
            <param index="1">
              <value>
                <![CDATA[test123]]>
              </value>
            </param>
          </params>
          <reporter-output>
          </reporter-output>
        </test-method> <!-- SignInPage -->
        <test-method status="PASS" signature="tearDown()[pri:0, instance:com.ap.qa.testcases.LoginPageMyStore@5b464ce8]" name="tearDown" is-config="true" duration-ms="689" started-at="2019-08-26T00:12:51Z" finished-at="2019-08-26T00:12:52Z">
          <reporter-output>
          </reporter-output>
        </test-method> <!-- tearDown -->
        <test-method status="PASS" signature="setUp()[pri:0, instance:com.ap.qa.testcases.LoginPageMyStore@5b464ce8]" name="setUp" is-config="true" duration-ms="6709" started-at="2019-08-26T00:12:52Z" finished-at="2019-08-26T00:12:58Z">
          <reporter-output>
          </reporter-output>
        </test-method> <!-- setUp -->
        <test-method status="PASS" signature="SignInPage(java.lang.String, java.lang.String)[pri:2, instance:com.ap.qa.testcases.LoginPageMyStore@5b464ce8]" name="SignInPage" duration-ms="1069" started-at="2019-08-26T00:12:58Z" data-provider="getAutomationTestData" finished-at="2019-08-26T00:12:59Z">
          <params>
            <param index="0">
              <value>
                <![CDATA[ababab]]>
              </value>
            </param>
            <param index="1">
              <value>
                <![CDATA[ababab]]>
              </value>
            </param>
          </params>
          <reporter-output>
          </reporter-output>
        </test-method> <!-- SignInPage -->
        <test-method status="PASS" signature="tearDown()[pri:0, instance:com.ap.qa.testcases.LoginPageMyStore@5b464ce8]" name="tearDown" is-config="true" duration-ms="683" started-at="2019-08-26T00:12:59Z" finished-at="2019-08-26T00:13:00Z">
          <reporter-output>
          </reporter-output>
        </test-method> <!-- tearDown -->
        <test-method status="PASS" signature="setUp()[pri:0, instance:com.ap.qa.testcases.LoginPageMyStore@5b464ce8]" name="setUp" is-config="true" duration-ms="6903" started-at="2019-08-26T00:13:00Z" finished-at="2019-08-26T00:13:07Z">
          <reporter-output>
          </reporter-output>
        </test-method> <!-- setUp -->
        <test-method status="PASS" signature="SignInPage(java.lang.String, java.lang.String)[pri:2, instance:com.ap.qa.testcases.LoginPageMyStore@5b464ce8]" name="SignInPage" duration-ms="1354" started-at="2019-08-26T00:13:07Z" data-provider="getAutomationTestData" finished-at="2019-08-26T00:13:08Z">
          <params>
            <param index="0">
              <value>
                <![CDATA[automationtest123@gmail.com]]>
              </value>
            </param>
            <param index="1">
              <value>
                <![CDATA[ababab]]>
              </value>
            </param>
          </params>
          <reporter-output>
          </reporter-output>
        </test-method> <!-- SignInPage -->
        <test-method status="PASS" signature="tearDown()[pri:0, instance:com.ap.qa.testcases.LoginPageMyStore@5b464ce8]" name="tearDown" is-config="true" duration-ms="699" started-at="2019-08-26T00:13:08Z" finished-at="2019-08-26T00:13:09Z">
          <reporter-output>
          </reporter-output>
        </test-method> <!-- tearDown -->
        <test-method status="PASS" signature="setUp()[pri:0, instance:com.ap.qa.testcases.LoginPageMyStore@5b464ce8]" name="setUp" is-config="true" duration-ms="6869" started-at="2019-08-26T00:13:09Z" finished-at="2019-08-26T00:13:16Z">
          <reporter-output>
          </reporter-output>
        </test-method> <!-- setUp -->
        <test-method status="PASS" signature="ForgotPassword(java.lang.String, java.lang.String, java.lang.String)[pri:3, instance:com.ap.qa.testcases.LoginPageMyStore@5b464ce8]" name="ForgotPassword" duration-ms="3327" started-at="2019-08-26T00:13:16Z" data-provider="getInfo" finished-at="2019-08-26T00:13:19Z">
          <params>
            <param index="0">
              <value>
                <![CDATA[automationtest123@gmail.com]]>
              </value>
            </param>
            <param index="1">
              <value>
                <![CDATA[test123]]>
              </value>
            </param>
            <param index="2">
              <value>
                <![CDATA[Tom Dalby]]>
              </value>
            </param>
          </params>
          <reporter-output>
          </reporter-output>
        </test-method> <!-- ForgotPassword -->
        <test-method status="PASS" signature="tearDown()[pri:0, instance:com.ap.qa.testcases.LoginPageMyStore@5b464ce8]" name="tearDown" is-config="true" duration-ms="727" started-at="2019-08-26T00:13:19Z" finished-at="2019-08-26T00:13:20Z">
          <reporter-output>
          </reporter-output>
        </test-method> <!-- tearDown -->
      </class> <!-- com.ap.qa.testcases.LoginPageMyStore -->
      <class name="com.ap.qa.testcases.HomePageTest">
        <test-method status="PASS" signature="setUp()[pri:0, instance:com.ap.qa.testcases.HomePageTest@30c7da1e]" name="setUp" is-config="true" duration-ms="6964" started-at="2019-08-26T00:12:16Z" finished-at="2019-08-26T00:12:23Z">
          <reporter-output>
          </reporter-output>
        </test-method> <!-- setUp -->
        <test-method status="PASS" signature="ClickSignIn()[pri:1, instance:com.ap.qa.testcases.HomePageTest@30c7da1e]" name="ClickSignIn" duration-ms="2145" started-at="2019-08-26T00:12:23Z" finished-at="2019-08-26T00:12:26Z">
          <reporter-output>
          </reporter-output>
        </test-method> <!-- ClickSignIn -->
        <test-method status="PASS" signature="tearDown()[pri:0, instance:com.ap.qa.testcases.HomePageTest@30c7da1e]" name="tearDown" is-config="true" duration-ms="684" started-at="2019-08-26T00:12:26Z" finished-at="2019-08-26T00:12:26Z">
          <reporter-output>
          </reporter-output>
        </test-method> <!-- tearDown -->
        <test-method status="PASS" signature="setUp()[pri:0, instance:com.ap.qa.testcases.HomePageTest@30c7da1e]" name="setUp" is-config="true" duration-ms="6382" started-at="2019-08-26T00:12:26Z" finished-at="2019-08-26T00:12:33Z">
          <reporter-output>
          </reporter-output>
        </test-method> <!-- setUp -->
        <test-method status="PASS" signature="HomePageTitleTest()[pri:1, instance:com.ap.qa.testcases.HomePageTest@30c7da1e]" name="HomePageTitleTest" duration-ms="18" started-at="2019-08-26T00:12:33Z" finished-at="2019-08-26T00:12:33Z">
          <reporter-output>
          </reporter-output>
        </test-method> <!-- HomePageTitleTest -->
        <test-method status="PASS" signature="tearDown()[pri:0, instance:com.ap.qa.testcases.HomePageTest@30c7da1e]" name="tearDown" is-config="true" duration-ms="695" started-at="2019-08-26T00:12:33Z" finished-at="2019-08-26T00:12:33Z">
          <reporter-output>
          </reporter-output>
        </test-method> <!-- tearDown -->
      </class> <!-- com.ap.qa.testcases.HomePageTest -->
    </test> <!-- Automation Practice Test Cases -->
  </suite> <!-- Automation Practice Testing Suite -->
</testng-results>
